matrix-scalar multiplication
1 processes
mpirun -np 1 ./matrix -s matrix-a-bin scalar matrix-s-out-1-bin
t_min = 0.550 s
t_max = 0.550 s

2 processes
mpirun -np 2 ./matrix -s matrix-a-bin scalar matrix-s-out-2-bin
t_min = 0.471 s
t_max = 0.473 s

4 processes
mpirun -np 4 ./matrix -s matrix-a-bin scalar matrix-s-out-4-bin
t_min = 0.466 s
t_max = 0.467 s

8 processes
mpirun -np 8 ./matrix -s matrix-a-bin scalar matrix-s-out-8-bin
t_min = 0.656 s
t_max = 0.656 s

16 processes
mpirun -np 16 ./matrix -s matrix-a-bin scalar matrix-s-out-16-bin
t_min = 1.015 s
t_max = 1.016 s

matrix-matrix multiplication
1 processes
mpirun -np 1 ./matrix -m matrix-a-bin matrix-b-bin matrix-m-out-1-bin
t_min = 13.319 s
t_max = 13.319 s

2 processes
mpirun -np 2 ./matrix -m matrix-a-bin matrix-b-bin matrix-m-out-2-bin
t_min = 7.027 s
t_max = 7.030 s

4 processes
mpirun -np 4 ./matrix -m matrix-a-bin matrix-b-bin matrix-m-out-4-bin
t_min = 4.445 s
t_max = 4.447 s

8 processes
mpirun -np 8 ./matrix -m matrix-a-bin matrix-b-bin matrix-m-out-8-bin
t_min = 3.294 s
t_max = 3.297 s

16 processes
mpirun -np 16 ./matrix -m matrix-a-bin matrix-b-bin matrix-m-out-16-bin
t_min = 3.483 s
t_max = 3.484 s

